<?xml version="1.0" encoding="UTF-8"?>
<robot generator="Robot 6.0.2 (Python 3.9.13 on win32)" generated="20230223 11:27:12.753" rpa="false" schemaversion="3">
<suite id="s1" name="Test-Ex03" source="D:\Testcase\test-ex\test-ex03.robot">
<test id="s1-t1" name="TC-001: Testing open the best website" line="14">
<kw name="Open he Best Webbrower">
<arg>${url}</arg>
<arg>${brower}</arg>
<kw name="Open Browser" library="SeleniumLibrary">
<arg>${url}</arg>
<arg>${brower}</arg>
<doc>Opens a new browser instance to the optional ``url``.</doc>
<msg timestamp="20230223 11:27:12.956" level="INFO">Opening browser 'chrome' to base url 'file:///C:/Users/5A09-02/Desktop/ep01/ex03.html'.</msg>
<status status="PASS" starttime="20230223 11:27:12.956" endtime="20230223 11:27:14.207"/>
</kw>
<status status="PASS" starttime="20230223 11:27:12.956" endtime="20230223 11:27:14.207"/>
</kw>
<kw name="Input Text" library="SeleniumLibrary">
<arg>xpath=//div[contains(@v,'username')]/input</arg>
<arg>test</arg>
<doc>Types the given ``text`` into the text field identified by ``locator``.</doc>
<msg timestamp="20230223 11:27:14.209" level="INFO">Typing text 'test' into text field 'xpath=//div[contains(@v,'username')]/input'.</msg>
<status status="PASS" starttime="20230223 11:27:14.208" endtime="20230223 11:27:14.295"/>
</kw>
<kw name="Input Password" library="SeleniumLibrary">
<arg>xpath=//div[contains(@v,'password')]/input</arg>
<arg>test</arg>
<doc>Types the given password into the text field identified by ``locator``.</doc>
<msg timestamp="20230223 11:27:14.296" level="INFO">Typing password into text field 'xpath=//div[contains(@v,'password')]/input'.</msg>
<msg timestamp="20230223 11:27:14.331" level="INFO">Temporally setting log level to: NONE</msg>
<msg timestamp="20230223 11:27:14.370" level="INFO">Log level changed from NONE to INFO.</msg>
<status status="PASS" starttime="20230223 11:27:14.295" endtime="20230223 11:27:14.370"/>
</kw>
<kw name="Sleep" library="BuiltIn">
<arg>2</arg>
<doc>Pauses the test executed for the given time.</doc>
<msg timestamp="20230223 11:27:16.384" level="INFO">Slept 2 seconds</msg>
<status status="PASS" starttime="20230223 11:27:14.370" endtime="20230223 11:27:16.384"/>
</kw>
<status status="PASS" starttime="20230223 11:27:12.956" endtime="20230223 11:27:16.384"/>
</test>
<status status="PASS" starttime="20230223 11:27:12.753" endtime="20230223 11:27:16.384"/>
</suite>
<statistics>
<total>
<stat pass="1" fail="0" skip="0">All Tests</stat>
</total>
<tag>
</tag>
<suite>
<stat pass="1" fail="0" skip="0" id="s1" name="Test-Ex03">Test-Ex03</stat>
</suite>
</statistics>
<errors>
</errors>
</robot>
