<?xml version="1.0" encoding="UTF-8"?>
<robot generator="Robot 6.0.2 (Python 3.9.13 on win32)" generated="20230223 11:22:13.429" rpa="false" schemaversion="3">
<suite id="s1" name="Test-Ex01" source="D:\Testcase\test-ex\test-ex01.robot">
<test id="s1-t1" name="TC-001: Testing open the best website" line="14">
<kw name="Open he Best Webbrower">
<arg>${url}</arg>
<arg>${brower}</arg>
<kw name="Open Browser" library="SeleniumLibrary">
<arg>${url}</arg>
<arg>${brower}</arg>
<doc>Opens a new browser instance to the optional ``url``.</doc>
<msg timestamp="20230223 11:22:13.658" level="INFO">Opening browser 'chrome' to base url 'file:///C:/Users/5A09-02/Desktop/ep01/ex01.html'.</msg>
<status status="PASS" starttime="20230223 11:22:13.657" endtime="20230223 11:22:14.809"/>
</kw>
<status status="PASS" starttime="20230223 11:22:13.657" endtime="20230223 11:22:14.810"/>
</kw>
<kw name="Input Text" library="SeleniumLibrary">
<arg>xpath=//input[@v='user']</arg>
<arg>test</arg>
<doc>Types the given ``text`` into the text field identified by ``locator``.</doc>
<msg timestamp="20230223 11:22:14.811" level="INFO">Typing text 'test' into text field 'xpath=//input[@v='user']'.</msg>
<status status="PASS" starttime="20230223 11:22:14.810" endtime="20230223 11:22:14.892"/>
</kw>
<kw name="Input Password" library="SeleniumLibrary">
<arg>xpath=//input[@v='password']</arg>
<arg>test</arg>
<doc>Types the given password into the text field identified by ``locator``.</doc>
<msg timestamp="20230223 11:22:14.893" level="INFO">Typing password into text field 'xpath=//input[@v='password']'.</msg>
<msg timestamp="20230223 11:22:14.926" level="INFO">Temporally setting log level to: NONE</msg>
<msg timestamp="20230223 11:22:14.959" level="INFO">Log level changed from NONE to INFO.</msg>
<status status="PASS" starttime="20230223 11:22:14.892" endtime="20230223 11:22:14.959"/>
</kw>
<kw name="Sleep" library="BuiltIn">
<arg>2</arg>
<doc>Pauses the test executed for the given time.</doc>
<msg timestamp="20230223 11:22:16.973" level="INFO">Slept 2 seconds</msg>
<status status="PASS" starttime="20230223 11:22:14.959" endtime="20230223 11:22:16.973"/>
</kw>
<status status="PASS" starttime="20230223 11:22:13.656" endtime="20230223 11:22:16.974"/>
</test>
<status status="PASS" starttime="20230223 11:22:13.430" endtime="20230223 11:22:16.978"/>
</suite>
<statistics>
<total>
<stat pass="1" fail="0" skip="0">All Tests</stat>
</total>
<tag>
</tag>
<suite>
<stat pass="1" fail="0" skip="0" id="s1" name="Test-Ex01">Test-Ex01</stat>
</suite>
</statistics>
<errors>
</errors>
</robot>
